[    0.000000] Linux version 4.15.0-210-generic (buildd@lcy02-amd64-056) (gcc version 7.5.0 (Ubuntu 7.5.0-3ubuntu1~18.04)) #221-Ubuntu SMP Tue Apr 18 08:32:52 UTC 2023 (Ubuntu 4.15.0-210.221-generic 4.15.18)
[    0.000000] Command line: BOOT_IMAGE=/boot/vmlinuz-4.15.0-210-generic root=LABEL=cloudimg-rootfs ro console=tty1 console=ttyS0
[    0.000000] KERNEL supported cpus:
[    0.000000]   Intel GenuineIntel
[    0.000000]   AMD AuthenticAMD
[    0.000000]   Centaur CentaurHauls
[    0.000000] [Firmware Bug]: TSC doesn't count with P0 frequency!
[    0.000000] x86/fpu: Supporting XSAVE feature 0x001: 'x87 floating point registers'
[    0.000000] x86/fpu: Supporting XSAVE feature 0x002: 'SSE registers'
[    0.000000] x86/fpu: Supporting XSAVE feature 0x004: 'AVX registers'
[    0.000000] x86/fpu: xstate_offset[2]:  576, xstate_sizes[2]:  256
[    0.000000] x86/fpu: Enabled xstate features 0x7, context size is 832 bytes, using 'standard' format.
[    0.000000] e820: BIOS-provided physical RAM map:
[    0.000000] BIOS-e820: [mem 0x0000000000000000-0x000000000009fbff] usable
[    0.000000] BIOS-e820: [mem 0x000000000009fc00-0x000000000009ffff] reserved
[    0.000000] BIOS-e820: [mem 0x00000000000f0000-0x00000000000fffff] reserved
[    0.000000] BIOS-e820: [mem 0x0000000000100000-0x000000007ffeffff] usable
[    0.000000] BIOS-e820: [mem 0x000000007fff0000-0x000000007fffffff] ACPI data
[    0.000000] BIOS-e820: [mem 0x00000000fec00000-0x00000000fec00fff] reserved
[    0.000000] BIOS-e820: [mem 0x00000000fee00000-0x00000000fee00fff] reserved
[    0.000000] BIOS-e820: [mem 0x00000000fffc0000-0x00000000ffffffff] reserved
[    0.000000] NX (Execute Disable) protection: active
[    0.000000] SMBIOS 2.5 present.
[    0.000000] DMI: innotek GmbH VirtualBox/VirtualBox, BIOS VirtualBox 12/01/2006
[    0.000000] Hypervisor detected: KVM
[    0.000000] AGP: No AGP bridge found
[    0.000000] e820: last_pfn = 0x7fff0 max_arch_pfn = 0x400000000
[    0.000000] MTRR: Disabled
[    0.000000] x86/PAT: MTRRs disabled, skipping PAT initialization too.
[    0.000000] CPU MTRRs all blank - virtualized system.
[    0.000000] x86/PAT: Configuration [0-7]: WB  WT  UC- UC  WB  WT  UC- UC  
[    0.000000] found SMP MP-table at [mem 0x0009fff0-0x0009ffff]
[    0.000000] Scanning 1 areas for low memory corruption
[    0.000000] RAMDISK: [mem 0x359c9000-0x36cdbfff]
[    0.000000] ACPI: Early table checksum verification disabled
[    0.000000] ACPI: RSDP 0x00000000000E0000 000024 (v02 VBOX  )
[    0.000000] ACPI: XSDT 0x000000007FFF0030 00003C (v01 VBOX   VBOXXSDT 00000001 ASL  00000061)
[    0.000000] ACPI: FACP 0x000000007FFF00F0 0000F4 (v04 VBOX   VBOXFACP 00000001 ASL  00000061)
[    0.000000] ACPI: DSDT 0x000000007FFF0470 002325 (v02 VBOX   VBOXBIOS 00000002 INTL 20190509)
[    0.000000] ACPI: FACS 0x000000007FFF0200 000040
[    0.000000] ACPI: FACS 0x000000007FFF0200 000040
[    0.000000] ACPI: APIC 0x000000007FFF0240 00005C (v02 VBOX   VBOXAPIC 00000001 ASL  00000061)
[    0.000000] ACPI: SSDT 0x000000007FFF02A0 0001CC (v01 VBOX   VBOXCPUT 00000002 INTL 20190509)
[    0.000000] ACPI: Reserving FACP table memory at [mem 0x7fff00f0-0x7fff01e3]
[    0.000000] ACPI: Reserving DSDT table memory at [mem 0x7fff0470-0x7fff2794]
[    0.000000] ACPI: Reserving FACS table memory at [mem 0x7fff0200-0x7fff023f]
[    0.000000] ACPI: Reserving FACS table memory at [mem 0x7fff0200-0x7fff023f]
[    0.000000] ACPI: Reserving APIC table memory at [mem 0x7fff0240-0x7fff029b]
[    0.000000] ACPI: Reserving SSDT table memory at [mem 0x7fff02a0-0x7fff046b]
[    0.000000] No NUMA configuration found
[    0.000000] Faking a node at [mem 0x0000000000000000-0x000000007ffeffff]
[    0.000000] NODE_DATA(0) allocated [mem 0x7ffc5000-0x7ffeffff]
[    0.000000] kvm-clock: cpu 0, msr 0:7ff44001, primary cpu clock
[    0.000000] kvm-clock: Using msrs 4b564d01 and 4b564d00
[    0.000000] kvm-clock: using sched offset of 5064480899 cycles
[    0.000000] clocksource: kvm-clock: mask: 0xffffffffffffffff max_cycles: 0x1cd42e4dffb, max_idle_ns: 881590591483 ns
[    0.000000] Zone ranges:
[    0.000000]   DMA      [mem 0x0000000000001000-0x0000000000ffffff]
[    0.000000]   DMA32    [mem 0x0000000001000000-0x000000007ffeffff]
[    0.000000]   Normal   empty
[    0.000000]   Device   empty
[    0.000000] Movable zone start for each node
[    0.000000] Early memory node ranges
[    0.000000]   node   0: [mem 0x0000000000001000-0x000000000009efff]
[    0.000000]   node   0: [mem 0x0000000000100000-0x000000007ffeffff]
[    0.000000] Reserved but unavailable: 104 pages
[    0.000000] Initmem setup node 0 [mem 0x0000000000001000-0x000000007ffeffff]
[    0.000000] ACPI: PM-Timer IO Port: 0x4008
[    0.000000] IOAPIC[0]: apic_id 2, version 32, address 0xfec00000, GSI 0-23
[    0.000000] ACPI: INT_SRC_OVR (bus 0 bus_irq 0 global_irq 2 dfl dfl)
[    0.000000] ACPI: INT_SRC_OVR (bus 0 bus_irq 9 global_irq 9 low level)
[    0.000000] Using ACPI (MADT) for SMP configuration information
[    0.000000] smpboot: Allowing 2 CPUs, 0 hotplug CPUs
[    0.000000] PM: Registered nosave memory: [mem 0x00000000-0x00000fff]
[    0.000000] PM: Registered nosave memory: [mem 0x0009f000-0x0009ffff]
[    0.000000] PM: Registered nosave memory: [mem 0x000a0000-0x000effff]
[    0.000000] PM: Registered nosave memory: [mem 0x000f0000-0x000fffff]
[    0.000000] e820: [mem 0x80000000-0xfebfffff] available for PCI devices
[    0.000000] Booting paravirtualized kernel on KVM
[    0.000000] clocksource: refined-jiffies: mask: 0xffffffff max_cycles: 0xffffffff, max_idle_ns: 7645519600211568 ns
[    0.000000] setup_percpu: NR_CPUS:8192 nr_cpumask_bits:2 nr_cpu_ids:2 nr_node_ids:1
[    0.000000] percpu: Embedded 50 pages/cpu s167936 r8192 d28672 u1048576
[    0.000000] PV qspinlock hash table entries: 256 (order: 0, 4096 bytes)
[    0.000000] Built 1 zonelists, mobility grouping on.  Total pages: 515961
[    0.000000] Policy zone: DMA32
[    0.000000] Kernel command line: BOOT_IMAGE=/boot/vmlinuz-4.15.0-210-generic root=LABEL=cloudimg-rootfs ro console=tty1 console=ttyS0
[    0.000000] AGP: Checking aperture...
[    0.000000] AGP: No AGP bridge found
[    0.000000] Memory: 2014832K/2096696K available (12300K kernel code, 2477K rwdata, 4324K rodata, 2480K init, 2720K bss, 81864K reserved, 0K cma-reserved)
[    0.000000] SLUB: HWalign=64, Order=0-3, MinObjects=0, CPUs=2, Nodes=1
[    0.000000] ftrace: allocating 39506 entries in 155 pages
[    0.004000] Hierarchical RCU implementation.
[    0.004000] 	RCU restricting CPUs from NR_CPUS=8192 to nr_cpu_ids=2.
[    0.004000] 	Tasks RCU enabled.
[    0.004000] RCU: Adjusting geometry for rcu_fanout_leaf=16, nr_cpu_ids=2
[    0.004000] NR_IRQS: 524544, nr_irqs: 440, preallocated irqs: 16
[    0.004000] Console: colour VGA+ 80x25
[    0.004000] console [tty1] enabled
[    0.004000] console [ttyS0] enabled
[    0.004000] ACPI: Core revision 20170831
[    0.004000] ACPI: 2 ACPI AML tables successfully acquired and loaded
[    0.004000] APIC: Switch to symmetric I/O mode setup
[    0.004000] x2apic enabled
[    0.004016] Switched APIC routing to physical x2apic.
[    0.008000] ..TIMER: vector=0x30 apic1=0 pin1=2 apic2=-1 pin2=-1
[    0.008034] tsc: Detected 3817.138 MHz processor
[    0.012028] Calibrating delay loop (skipped) preset value.. 7634.27 BogoMIPS (lpj=15268552)
[    0.014962] pid_max: default: 32768 minimum: 301
[    0.016125] Security Framework initialized
[    0.017250] Yama: becoming mindful.
[    0.020075] AppArmor: AppArmor initialized
[    0.028525] Dentry cache hash table entries: 262144 (order: 9, 2097152 bytes)
[    0.033979] Inode-cache hash table entries: 131072 (order: 8, 1048576 bytes)
[    0.036077] Mount-cache hash table entries: 4096 (order: 3, 32768 bytes)
[    0.040033] Mountpoint-cache hash table entries: 4096 (order: 3, 32768 bytes)
[    0.044576] Last level iTLB entries: 4KB 512, 2MB 1024, 4MB 512
[    0.045972] Last level dTLB entries: 4KB 1024, 2MB 1024, 4MB 512, 1GB 0
[    0.048015] Spectre V1 : Mitigation: usercopy/swapgs barriers and __user pointer sanitization
[    0.052009] Spectre V2 : Mitigation: Retpolines
[    0.053187] Spectre V2 : Spectre v2 / SpectreRSB mitigation: Filling RSB on context switch
[    0.056004] Spectre V2 : Spectre v2 / SpectreRSB : Filling RSB on VMEXIT
[    0.057675] RETBleed: Vulnerable
[    0.058938] Freeing SMP alternatives memory: 36K
[    0.162898] smpboot: CPU0: AMD FX(tm)-4300 Quad-Core Processor (family: 0x15, model: 0x2, stepping: 0x0)
[    0.164227] Performance Events: PMU not available due to virtualization, using software events only.
[    0.168151] Hierarchical SRCU implementation.
[    0.172710] NMI watchdog: Perf event create on CPU 0 failed with -2
[    0.175663] NMI watchdog: Perf NMI watchdog permanently disabled
[    0.176172] smp: Bringing up secondary CPUs ...
[    0.180204] x86: Booting SMP configuration:
[    0.181364] .... node  #0, CPUs:      #1
[    0.004000] kvm-clock: cpu 1, msr 0:7ff44041, secondary cpu clock
[    0.184032] smp: Brought up 1 node, 2 CPUs
[    0.184878] smpboot: Max logical packages: 1
[    0.188007] smpboot: Total of 2 processors activated (15268.55 BogoMIPS)
[    0.189667] devtmpfs: initialized
[    0.189667] x86/mm: Memory block size: 128MB
[    0.191997] evm: security.selinux
[    0.192010] evm: security.SMACK64
[    0.193185] evm: security.SMACK64EXEC
[    0.194367] evm: security.SMACK64TRANSMUTE
[    0.196004] evm: security.SMACK64MMAP
[    0.197083] evm: security.apparmor
[    0.198469] evm: security.ima
[    0.200005] evm: security.capability
[    0.204154] clocksource: jiffies: mask: 0xffffffff max_cycles: 0xffffffff, max_idle_ns: 7645041785100000 ns
[    0.205910] futex hash table entries: 512 (order: 3, 32768 bytes)
[    0.205910] pinctrl core: initialized pinctrl subsystem
[    0.212276] RTC time:  3:42:23, date: 05/10/23
[    0.213924] NET: Registered protocol family 16
[    0.215367] audit: initializing netlink subsys (disabled)
[    0.216072] audit: type=2000 audit(1683690148.855:1): state=initialized audit_enabled=0 res=1
[    0.218508] cpuidle: using governor ladder
[    0.220032] cpuidle: using governor menu
[    0.221237] ACPI: bus type PCI registered
[    0.221237] acpiphp: ACPI Hot Plug PCI Controller Driver version: 0.5
[    0.224218] PCI: Using configuration type 1 for base access
[    0.228011] PCI: Using configuration type 1 for extended access
[    0.233325] HugeTLB registered 2.00 MiB page size, pre-allocated 0 pages
[    0.237571] ACPI: Added _OSI(Module Device)
[    0.240023] ACPI: Added _OSI(Processor Device)
[    0.241993] ACPI: Added _OSI(3.0 _SCP Extensions)
[    0.244018] ACPI: Added _OSI(Processor Aggregator Device)
[    0.245938] ACPI: Added _OSI(Linux-Dell-Video)
[    0.248003] ACPI: Added _OSI(Linux-Lenovo-NV-HDMI-Audio)
[    0.249285] ACPI: Added _OSI(Linux-HPI-Hybrid-Graphics)
[    0.251023] ACPI: Executed 1 blocks of module-level executable AML code
[    0.257146] ACPI: Interpreter enabled
[    0.258011] ACPI: (supports S0 S5)
[    0.260007] ACPI: Using IOAPIC for interrupt routing
[    0.264000] PCI: Using host bridge windows from ACPI; if necessary, use "pci=nocrs" and report a bug
[    0.268127] ACPI: Enabled 2 GPEs in block 00 to 07
[    0.278900] ACPI: PCI Root Bridge [PCI0] (domain 0000 [bus 00-ff])
[    0.280030] acpi PNP0A03:00: _OSC: OS supports [ExtendedConfig ASPM ClockPM Segments MSI]
[    0.285932] acpi PNP0A03:00: _OSC: platform does not support [PCIeCapability]
[    0.288734] acpi PNP0A03:00: _OSC: not requesting control; platform does not support [PCIeCapability]
[    0.292011] acpi PNP0A03:00: _OSC: OS requested [PCIeHotplug PME AER PCIeCapability]
[    0.293773] acpi PNP0A03:00: _OSC: platform willing to grant [PCIeHotplug PME AER]
[    0.296016] acpi PNP0A03:00: _OSC failed (AE_SUPPORT); disabling ASPM
[    0.304433] PCI host bridge to bus 0000:00
[    0.308014] pci_bus 0000:00: root bus resource [io  0x0000-0x0cf7 window]
[    0.312027] pci_bus 0000:00: root bus resource [io  0x0d00-0xffff window]
[    0.316011] pci_bus 0000:00: root bus resource [mem 0x000a0000-0x000bffff window]
[    0.320008] pci_bus 0000:00: root bus resource [mem 0x80000000-0xfdffffff window]
[    0.324015] pci_bus 0000:00: root bus resource [bus 00-ff]
[    0.329830] pci 0000:00:01.1: legacy IDE quirk: reg 0x10: [io  0x01f0-0x01f7]
[    0.332005] pci 0000:00:01.1: legacy IDE quirk: reg 0x14: [io  0x03f6]
[    0.334799] pci 0000:00:01.1: legacy IDE quirk: reg 0x18: [io  0x0170-0x0177]
[    0.336007] pci 0000:00:01.1: legacy IDE quirk: reg 0x1c: [io  0x0376]
[    0.380000] pci 0000:00:07.0: quirk: [io  0x4000-0x403f] claimed by PIIX4 ACPI
[    0.380038] pci 0000:00:07.0: quirk: [io  0x4100-0x410f] claimed by PIIX4 SMB
[    0.418263] ACPI: PCI Interrupt Link [LNKA] (IRQs 5 9 10 *11)
[    0.420434] ACPI: PCI Interrupt Link [LNKB] (IRQs 5 9 *10 11)
[    0.421958] ACPI: PCI Interrupt Link [LNKC] (IRQs 5 *9 10 11)
[    0.424137] ACPI: PCI Interrupt Link [LNKD] (IRQs 5 9 10 *11)
[    0.426119] SCSI subsystem initialized
[    0.428079] pci 0000:00:02.0: vgaarb: setting as boot VGA device
[    0.429296] pci 0000:00:02.0: vgaarb: VGA device added: decodes=io+mem,owns=io+mem,locks=none
[    0.432040] pci 0000:00:02.0: vgaarb: bridge control possible
[    0.436008] vgaarb: loaded
[    0.436754] ACPI: bus type USB registered
[    0.440061] usbcore: registered new interface driver usbfs
[    0.441726] usbcore: registered new interface driver hub
[    0.444024] usbcore: registered new device driver usb
[    0.445427] EDAC MC: Ver: 3.0.0
[    0.448062] PCI: Using ACPI for IRQ routing
[    0.449652] NetLabel: Initializing
[    0.449652] NetLabel:  domain hash size = 128
[    0.449652] NetLabel:  protocols = UNLABELED CIPSOv4 CALIPSO
[    0.452029] NetLabel:  unlabeled traffic allowed by default
[    0.456137] clocksource: Switched to clocksource kvm-clock
[    0.464483] VFS: Disk quotas dquot_6.6.0
[    0.464483] VFS: Dquot-cache hash table entries: 512 (order 0, 4096 bytes)
[    0.464483] AppArmor: AppArmor Filesystem Enabled
[    0.464483] pnp: PnP ACPI init
[    0.464483] pnp: PnP ACPI: found 3 devices
[    0.504988] clocksource: acpi_pm: mask: 0xffffff max_cycles: 0xffffff, max_idle_ns: 2085701024 ns
[    0.508036] NET: Registered protocol family 2
[    0.508069] IP idents hash table entries: 32768 (order: 6, 262144 bytes)
[    0.511946] TCP established hash table entries: 16384 (order: 5, 131072 bytes)
[    0.513874] TCP bind hash table entries: 16384 (order: 6, 262144 bytes)
[    0.516291] TCP: Hash tables configured (established 16384 bind 16384)
[    0.517791] UDP hash table entries: 1024 (order: 3, 32768 bytes)
[    0.517791] UDP-Lite hash table entries: 1024 (order: 3, 32768 bytes)
[    0.517791] NET: Registered protocol family 1
[    0.517791] pci 0000:00:00.0: Limiting direct PCI/PCI transfers
[    0.517791] pci 0000:00:01.0: Activating ISA DMA hang workarounds
[    0.517791] pci 0000:00:02.0: Video device with shadowed ROM at [mem 0x000c0000-0x000dffff]
[    0.517791] Unpacking initramfs...
[    0.517791] Freeing initrd memory: 19532K
[    0.517791] clocksource: tsc: mask: 0xffffffffffffffff max_cycles: 0x6e0b2dac317, max_idle_ns: 881591110816 ns
[    0.517791] platform rtc_cmos: registered platform RTC device (no PNP device found)
[    0.517791] Scanning for low memory corruption every 60 seconds
[    0.943671] Initialise system trusted keyrings
[    0.949266] Key type blacklist registered
[    0.951322] workingset: timestamp_bits=36 max_order=19 bucket_order=0
[    0.955090] zbud: loaded
[    0.964000] squashfs: version 4.0 (2009/01/31) Phillip Lougher
[    0.982538] fuse init (API version 7.26)
[    1.024832] Key type asymmetric registered
[    1.033951] Asymmetric key parser 'x509' registered
[    1.036325] Block layer SCSI generic (bsg) driver version 0.4 loaded (major 246)
[    1.038313] io scheduler noop registered
[    1.042704] io scheduler deadline registered
[    1.047405] io scheduler cfq registered (default)
[    1.057242] ACPI: AC Adapter [AC] (on-line)
[    1.061000] input: Power Button as /devices/LNXSYSTM:00/LNXPWRBN:00/input/input0
[    1.068723] ACPI: Power Button [PWRF]
[    1.070176] input: Sleep Button as /devices/LNXSYSTM:00/LNXSLPBN:00/input/input1
[    1.075427] ACPI: Sleep Button [SLPF]
[    1.082371] Serial: 8250/16550 driver, 32 ports, IRQ sharing enabled
[    1.109013] 00:02: ttyS0 at I/O 0x3f8 (irq = 4, base_baud = 115200) is a 16550A
[    1.131137] Linux agpgart interface v0.103
[    1.156988] loop: module loaded
[    1.159973] scsi host0: ata_piix
[    1.165559] scsi host1: ata_piix
[    1.166965] ata1: PATA max UDMA/33 cmd 0x1f0 ctl 0x3f6 bmdma 0xd000 irq 14
[    1.169815] ata2: PATA max UDMA/33 cmd 0x170 ctl 0x376 bmdma 0xd008 irq 15
[    1.175203] tun: Universal TUN/TAP device driver, 1.6
[    1.183769] PPP generic driver version 2.4.2
[    1.188358] ehci_hcd: USB 2.0 'Enhanced' Host Controller (EHCI) Driver
[    1.190785] ehci-pci: EHCI PCI platform driver
[    1.192774] ehci-platform: EHCI generic platform driver
[    1.196012] ohci_hcd: USB 1.1 'Open' Host Controller (OHCI) Driver
[    1.202330] ohci-pci: OHCI PCI platform driver
[    1.203595] ohci-platform: OHCI generic platform driver
[    1.204795] uhci_hcd: USB Universal Host Controller Interface driver
[    1.206579] i8042: PNP: PS/2 Controller [PNP0303:PS2K,PNP0f03:PS2M] at 0x60,0x64 irq 1,12
[    1.218841] serio: i8042 KBD port at 0x60,0x64 irq 1
[    1.226527] serio: i8042 AUX port at 0x60,0x64 irq 12
[    1.229327] mousedev: PS/2 mouse device common for all mice
[    1.232212] input: AT Translated Set 2 keyboard as /devices/platform/i8042/serio0/input/input2
[    1.237999] rtc_cmos rtc_cmos: rtc core: registered rtc_cmos as rtc0
[    1.240968] rtc_cmos rtc_cmos: alarms up to one day, 114 bytes nvram
[    1.246055] i2c /dev entries driver
[    1.248215] device-mapper: uevent: version 1.0.3
[    1.252558] device-mapper: ioctl: 4.37.0-ioctl (2017-09-20) initialised: dm-devel@redhat.com
[    1.306936] ledtrig-cpu: registered to indicate activity on CPUs
[    1.310680] x86/pm: family 0x15 cpu detected, MSR saving is needed during suspending.
[    1.314897] NET: Registered protocol family 10
[    1.322230] Segment Routing with IPv6
[    1.323289] NET: Registered protocol family 17
[    1.324546] Key type dns_resolver registered
[    1.325912] mce: Using 0 MCE banks
[    1.326932] RAS: Correctable Errors collector initialized.
[    1.329075] sched_clock: Marking stable (1328994656, 0)->(2162782817, -833788161)
[    1.333716] registered taskstats version 1
[    1.335074] Loading compiled-in X.509 certificates
[    1.365954] Loaded X.509 cert 'Build time autogenerated kernel key: 53bf99db7da04c05fe17f7beec9ce15c83db2223'
[    1.370955] Loaded X.509 cert 'Canonical Ltd. Live Patch Signing: 14df34d1a87cf37625abec039ef2bf521249b969'
[    1.374010] Loaded X.509 cert 'Canonical Ltd. Kernel Module Signing: 88f752e560a1e0737e31163a466ad7b70a850c19'
[    1.376064] blacklist: Loading compiled-in revocation X.509 certificates
[    1.380242] Loaded X.509 cert 'Canonical Ltd. Secure Boot Signing: 61482aa2830d0ab2ad5af10b7250da9033ddcef0'
[    1.383677] Loaded X.509 cert 'Canonical Ltd. Secure Boot Signing (2017): 242ade75ac4a15e50d50c84b0d45ff3eae707a03'
[    1.386821] Loaded X.509 cert 'Canonical Ltd. Secure Boot Signing (ESM 2018): 365188c1d374d6b07c3c8f240f8ef722433d6a8b'
[    1.389771] Loaded X.509 cert 'Canonical Ltd. Secure Boot Signing (2019): c0746fd6c5da3ae827864651ad66ae47fe24b3e8'
[    1.392060] Loaded X.509 cert 'Canonical Ltd. Secure Boot Signing (2021 v1): a8d54bbb3825cfb94fa13c9f8a594a195c107b8d'
[    1.395434] Loaded X.509 cert 'Canonical Ltd. Secure Boot Signing (2021 v2): 4cf046892d6fd3c9a5b03f98d845f90851dc6a8c'
[    1.399944] Loaded X.509 cert 'Canonical Ltd. Secure Boot Signing (2021 v3): 100437bb6de6e469b581e61cd66bce3ef4ed53af'
[    1.403847] Loaded X.509 cert 'Canonical Ltd. Secure Boot Signing (Ubuntu Core 2019): c1d57b8f6b743f23ee41f4f7ee292f06eecadfb9'
[    1.407103] zswap: loaded using pool lzo/zbud
[    1.414477] Key type big_key registered
[    1.416561] Key type trusted registered
[    1.420639] Key type encrypted registered
[    1.421805] AppArmor: AppArmor sha1 policy hashing enabled
[    1.423121] ima: No TPM chip found, activating TPM-bypass! (rc=-19)
[    1.424777] ima: Allocated hash algorithm: sha1
[    1.425961] evm: HMAC attrs: 0x1
[    1.427244]   Magic number: 7:743:714
[    1.432497] rtc_cmos rtc_cmos: setting system clock to 2023-05-10 03:42:24 UTC (1683690144)
[    1.435611] BIOS EDD facility v0.16 2004-Jun-25, 0 devices found
[    1.441729] EDD information not available.
[    1.449647] Freeing unused kernel image memory: 2480K
[    1.472168] Write protecting the kernel read-only data: 20480k
[    1.475473] Freeing unused kernel image memory: 2008K
[    1.477857] Freeing unused kernel image memory: 1820K
[    1.491323] x86/mm: Checked W+X mappings: passed, no W+X pages found.
Loading, please wait...
starting version 237
[    1.621668] e1000: Intel(R) PRO/1000 Network Driver - version 7.3.21-k8-NAPI
[    1.629172] e1000: Copyright (c) 1999-2006 Intel Corporation.
[    1.643614] Fusion MPT base driver 3.04.20
[    1.646761] Copyright (c) 1999-2008 LSI Corporation
[    1.679518] AVX version of gcm_enc/dec engaged.
[    1.682772] AES CTR mode by8 optimization enabled
[    1.698744] Fusion MPT SPI Host driver 3.04.20
[    1.879055] input: ImExPS/2 Generic Explorer Mouse as /devices/platform/i8042/serio1/input/input4
[    2.704739] e1000 0000:00:03.0 eth0: (PCI:33MHz:32-bit) 02:3e:6f:b6:28:d7
[    2.707131] e1000 0000:00:03.0 eth0: Intel(R) PRO/1000 Network Connection
[    3.598515] e1000 0000:00:08.0 eth1: (PCI:33MHz:32-bit) 08:00:27:36:00:c2
[    3.601529] e1000 0000:00:08.0 eth1: Intel(R) PRO/1000 Network Connection
[    3.611696] mptbase: ioc0: Initiating bringup
[    3.615624] e1000 0000:00:03.0 enp0s3: renamed from eth0
[    3.698941] e1000 0000:00:08.0 enp0s8: renamed from eth1
[    3.712854] ioc0: LSI53C1030 A0: Capabilities={Initiator}
[    4.343354] scsi host2: ioc0: LSI53C1030 A0, FwRev=00000000h, Ports=1, MaxQ=256, IRQ=20
[    4.517097] scsi 2:0:0:0: Direct-Access     VBOX     HARDDISK         1.0  PQ: 0 ANSI: 5
[    4.757244] scsi target2:0:0: Beginning Domain Validation
[    4.761087] scsi target2:0:0: Domain Validation skipping write tests
[    4.763207] scsi target2:0:0: Ending Domain Validation
[    4.764936] scsi target2:0:0: asynchronous
[    4.766763] scsi 2:0:1:0: Direct-Access     VBOX     HARDDISK         1.0  PQ: 0 ANSI: 5
[    5.592084] scsi target2:0:1: Beginning Domain Validation
[    5.597139] scsi target2:0:1: Domain Validation skipping write tests
[    5.599740] scsi target2:0:1: Ending Domain Validation
[    5.601446] scsi target2:0:1: asynchronous
[    5.606700] sd 2:0:0:0: [sda] 83886080 512-byte logical blocks: (42.9 GB/40.0 GiB)
[    5.608345] sd 2:0:0:0: Attached scsi generic sg0 type 0
[    5.609542] sd 2:0:0:0: [sda] Write Protect is off
[    5.610016] sd 2:0:1:0: [sdb] 20480 512-byte logical blocks: (10.5 MB/10.0 MiB)
[    5.614100] sd 2:0:1:0: Attached scsi generic sg1 type 0
[    5.615690] sd 2:0:1:0: [sdb] Write Protect is off
[    5.615764] sd 2:0:0:0: [sda] Incomplete mode parameter data
[    5.618429] sd 2:0:0:0: [sda] Assuming drive cache: write through
[    5.618583] sd 2:0:1:0: [sdb] Incomplete mode parameter data
[    5.621207] sd 2:0:1:0: [sdb] Assuming drive cache: write through
[    5.661489]  sda: sda1
[    5.664697] sd 2:0:0:0: [sda] Attached SCSI disk
[    5.736637] sd 2:0:1:0: [sdb] Attached SCSI disk
Begin: Loading essential drivers ... [    7.768145] raid6: sse2x1   gen()  6271 MB/s
[    7.816098] raid6: sse2x1   xor()  4300 MB/s
[    7.864067] raid6: sse2x2   gen() 10025 MB/s
[    7.912065] raid6: sse2x2   xor()  6747 MB/s
[    7.960105] raid6: sse2x4   gen() 11896 MB/s
[    8.008089] raid6: sse2x4   xor()  5017 MB/s
[    8.009486] raid6: using algorithm sse2x4 gen() 11896 MB/s
[    8.010817] raid6: .... xor() 5017 MB/s, rmw enabled
[    8.012177] raid6: using ssse3x2 recovery algorithm
[    8.015904] xor: automatically using best checksumming function   avx       
[    8.020099] async_tx: api initialized (async)
done.
Begin: Running /scripts/init-premount ... done.
Begin: Mounting root file system ... Begin: Running /scripts/local-top ... done.
Begin: Running /scripts/local-premount ... [    8.083212] Btrfs loaded, crc32c=crc32c-intel
Scanning for Btrfs filesystems
done.
Warning: fsck not present, so skipping root file system
[    8.166087] EXT4-fs (sda1): mounted filesystem with ordered data mode. Opts: (null)
done.
Begin: Running /scripts/local-bottom ... done.
Begin: Running /scripts/init-bottom ... done.
[    9.109695] ip_tables: (C) 2000-2006 Netfilter Core Team
[    9.186387] systemd[1]: systemd 237 running in system mode. (+PAM +AUDIT +SELINUX +IMA +APPARMOR +SMACK +SYSVINIT +UTMP +LIBCRYPTSETUP +GCRYPT +GNUTLS +ACL +XZ +LZ4 +SECCOMP +BLKID +ELFUTILS +KMOD -IDN2 +IDN -PCRE2 default-hierarchy=hybrid)
[    9.194698] systemd[1]: Detected virtualization oracle.
[    9.196438] systemd[1]: Detected architecture x86-64.

Welcome to [1mUbuntu 18.04.6 LTS[0m!

[    9.225703] systemd[1]: Set hostname to <ubuntu-bionic>.
[   11.509188] random: crng init done
[   13.237874] systemd[1]: Reached target Mounting snaps.
[[0;32m  OK  [0m] Reached target Mounting snaps.
[   13.243736] systemd[1]: Reached target System Time Synchronized.
[[0;32m  OK  [0m] Reached target System Time Synchronized.
[   13.266798] systemd[1]: Created slice User and Session Slice.
[[0;32m  OK  [0m] Created slice User and Session Slice.
[   13.270135] systemd[1]: Reached target Swap.
[[0;32m  OK  [0m] Reached target Swap.
[   13.275305] systemd[1]: Created slice System Slice.
[[0;32m  OK  [0m] Created slice System Slice.
[   13.287670] systemd[1]: Listening on Journal Socket (/dev/log).
[[0;32m  OK  [0m] Listening on Journal Socket (/dev/log).
[[0;32m  OK  [0m] Listening on fsck to fsckd communication Socket.
[[0;32m  OK  [0m] Created slice system-serial\x2dgetty.slice.
[[0;32m  OK  [0m] Listening on Journal Socket.
         Starting File System Check on Root Device...
         Mounting POSIX Message Queue File System...
         Starting Create list of required st…ce nodes for the current kernel...
         Mounting Huge Pages File System...
[[0;32m  OK  [0m] Listening on LVM2 metadata daemon socket.
[[0;32m  OK  [0m] Listening on /dev/initctl Compatibility Named Pipe.
[[0;32m  OK  [0m] Listening on udev Kernel Socket.
         Starting Load Kernel Modules...
[[0;32m  OK  [0m] Reached target Mounted snaps.
         Starting Uncomplicated firewall...
         Starting Set the console keyboard layout...
[[0;32m  OK  [0m] Reached target User and Group Name Lookups.
[[0;32m  OK  [0m] Listening on Device-mapper event daemon FIFOs.
         Starting Monitoring of LVM2 mirrors…ng dmeventd or progress polling...
[[0;32m  OK  [0m] Reached target Slices.
[[0;32m  OK  [0m] Listening on Journal Audit Socket.
[[0;32m  OK  [0m] Listening on udev Control Socket.
[[0;32m  OK  [0m] Listening on Syslog Socket.
         Starting Journal Service...
[[0;32m  OK  [0m] Set up automount Arbitrary Executab…rmats File System Automount Point.
[   13.612990] Loading iSCSI transport class v2.0-870.
         Mounting Kernel Debug File System...
         Starting udev Coldplug all Devices...
[[0;32m  OK  [0m] Listening on Network Service Netlink Socket.
[   14.167924] systemd[1]: Listening on LVM2 poll daemon socket.
[[0;32m  OK  [0m] Listening on LVM2 poll daemon socket.
[   14.177310] systemd[1]: Started Forward Password Requests to Wall Directory Watch.
[[0;32m  OK  [0m] Started Forward Password Requests to Wall Directory Watch.
[   14.194273] systemd[1]: Started Journal Service.
[[0;32m  OK  [0m] Started Journal Service.
[[0;32m  OK  [0m] Started File System Check on Root Device.
[[0;32m  OK  [0m] Mounted POSIX Message Queue File System.
[[0;32m  OK  [0m] Started Create list of required sta…vice nodes for the current kernel.
[   14.229647] iscsi: registered transport (tcp)
[[0;32m  OK  [0m] Mounted Huge Pages File System.
[[0;32m  OK  [0m] Started Uncomplicated firewall.
[[0;32m  OK  [0m] Mounted Kernel Debug File System.
[[0;32m  OK  [0m] Started File System Check Daemon to report status.
         Starting Create Static Device Nodes in /dev...
         Starting Remount Root and Kernel File Systems...
[[0;32m  OK  [0m] Started LVM2 metadata daemon.
[[0;32m  OK  [0m] Started udev Coldplug all Devices.
[   14.662495] EXT4-fs (sda1): re-mounted. Opts: (null)
[[0;32m  OK  [0m] Started Remount Root and Kernel File Systems.
         Starting Load/Save Random Seed...
         Starting Flush Journal to Persistent Storage...
[[0;32m  OK  [0m] Started Set the console keyboard layout.
[[0;32m  OK  [0m] Started Create Static Device Nodes in /dev.
         Starting udev Kernel Device Manager...
[   14.807929] systemd-journald[410]: Received request to flush runtime journal from PID 1
[[0;32m  OK  [0m] Started Monitoring of LVM2 mirrors,…sing dmeventd or progress polling.
[[0;32m  OK  [0m] Reached target Local File Systems (Pre).
[[0;32m  OK  [0m] Reached target Local File Systems.
         Starting AppArmor initialization...
         Starting Set console font and keymap...
         Starting ebtables ruleset management...
         Starting Tell Plymouth To Write Out Runtime Data...
[[0;32m  OK  [0m] Started Load/Save Random Seed.
[   15.228065] iscsi: registered transport (iser)
[[0;32m  OK  [0m] Started Load Kernel Modules.
         Starting Apply Kernel Variables...
         Mounting Kernel Configuration File System...
         Mounting FUSE Control File System...
[[0;32m  OK  [0m] Started Set console font and keymap.
[[0;32m  OK  [0m] Mounted Kernel Configuration File System.
[[0;32m  OK  [0m] Mounted FUSE Control File System.
[[0;32m  OK  [0m] Started Tell Plymouth To Write Out Runtime Data.
[[0;32m  OK  [0m] Started udev Kernel Device Manager.
[[0;32m  OK  [0m] Started Flush Journal to Persistent Storage.
         Starting Create Volatile Files and Directories...
[[0;32m  OK  [0m] Started Dispatch Password Requests to Console Directory Watch.
[[0;32m  OK  [0m] Reached target Local Encrypted Volumes.
[[0;32m  OK  [0m] Started Apply Kernel Variables.
[[0;32m  OK  [0m] Started ebtables ruleset management.
[[0;32m  OK  [0m] Started Create Volatile Files and Directories.
         Starting Update UTMP about System Boot/Shutdown...
[[0;32m  OK  [0m] Started Update UTMP about System Boot/Shutdown.
[[0;32m  OK  [0m] Found device /dev/ttyS0.
[[0;32m  OK  [0m] Listening on Load/Save RF Kill Switch Status /dev/rfkill Watch.
[[0;32m  OK  [0m] Started AppArmor initialization.
         Starting Load AppArmor profiles managed internally by snapd...
         Starting Initial cloud-init job (pre-networking)...
         Mounting Arbitrary Executable File Formats File System...
[[0;32m  OK  [0m] Mounted Arbitrary Executable File Formats File System.
[[0;32m  OK  [0m] Started Load AppArmor profiles managed internally by snapd.
[   23.188441] cloud-init[552]: Cloud-init v. 23.1.2-0ubuntu0~18.04.1 running 'init-local' at Wed, 10 May 2023 03:42:45 +0000. Up 22.39 seconds.
[[0;32m  OK  [0m] Started Initial cloud-init job (pre-networking).
[[0;32m  OK  [0m] Reached target Network (Pre).
         Starting Network Service...
[[0;32m  OK  [0m] Started Network Service.
         Starting Wait for Network to be Configured...
         Starting Network Name Resolution...
[[0;32m  OK  [0m] Started Network Name Resolution.
[[0;32m  OK  [0m] Reached target Host and Network Name Lookups.
[[0;32m  OK  [0m] Reached target Network.
[[0;32m  OK  [0m] Started Wait for Network to be Configured.
         Starting Initial cloud-init job (metadata service crawler)...
[   27.117734] cloud-init[678]: Cloud-init v. 23.1.2-0ubuntu0~18.04.1 running 'init' at Wed, 10 May 2023 03:42:49 +0000. Up 26.78 seconds.
[   27.120475] cloud-init[678]: ci-info: ++++++++++++++++++++++++++++++++++++++Net device info++++++++++++++++++++++++++++++++++++++
[   27.126075] cloud-init[678]: ci-info: +--------+------+----------------------------+---------------+--------+-------------------+
[   27.128403] cloud-init[678]: ci-info: | Device |  Up  |          Address           |      Mask     | Scope  |     Hw-Address    |
[   27.130447] cloud-init[678]: ci-info: +--------+------+----------------------------+---------------+--------+-------------------+
[   27.132459] cloud-init[678]: ci-info: | enp0s3 | True |         10.0.2.15          | 255.255.255.0 | global | 02:3e:6f:b6:28:d7 |
[   27.134325] cloud-init[678]: ci-info: | enp0s3 | True | fe80::3e:6fff:feb6:28d7/64 |       .       |  link  | 02:3e:6f:b6:28:d7 |
[   27.136494] cloud-init[678]: ci-info: | enp0s8 | True |       192.168.56.15        | 255.255.255.0 | global | 08:00:27:36:00:c2 |
[   27.139164] cloud-init[678]: ci-info: | enp0s8 | True | fe80::a00:27ff:fe36:c2/64  |       .       |  link  | 08:00:27:36:00:c2 |
[   27.142636] cloud-init[678]: ci-info: |   lo   | True |         127.0.0.1          |   255.0.0.0   |  host  |         .         |
[   27.145525] cloud-init[678]: ci-info: |   lo   | True |          ::1/128           |       .       |  host  |         .         |
[   27.148126] cloud-init[678]: ci-info: +--------+------+----------------------------+---------------+--------+-------------------+
[   27.150257] cloud-init[678]: ci-info: +++++++++++++++++++++++++++++Route IPv4 info+++++++++++++++++++++++++++++
[   27.152444] cloud-init[678]: ci-info: +-------+--------------+----------+-----------------+-----------+-------+
[   27.154422] cloud-init[678]: ci-info: | Route | Destination  | Gateway  |     Genmask     | Interface | Flags |
[   27.168442] cloud-init[678]: ci-info: +-------+--------------+----------+-----------------+-----------+-------+
[   27.170740] cloud-init[678]: ci-info: |   0   |   0.0.0.0    | 10.0.2.2 |     0.0.0.0     |   enp0s3  |   UG  |
[   27.188411] cloud-init[678]: ci-info: |   1   |   10.0.2.0   | 0.0.0.0  |  255.255.255.0  |   enp0s3  |   U   |
[   27.191599] cloud-init[678]: ci-info: |   2   |   10.0.2.2   | 0.0.0.0  | 255.255.255.255 |   enp0s3  |   UH  |
[   27.196304] cloud-init[678]: ci-info: |   3   | 192.168.56.0 | 0.0.0.0  |  255.255.255.0  |   enp0s8  |   U   |
[   27.198909] cloud-init[678]: ci-info: +-------+--------------+----------+-----------------+-----------+-------+
[   27.201090] cloud-init[678]: ci-info: +++++++++++++++++++Route IPv6 info+++++++++++++++++++
[   27.202864] cloud-init[678]: ci-info: +-------+-------------+---------+-----------+-------+
[   27.216711] cloud-init[678]: ci-info: | Route | Destination | Gateway | Interface | Flags |
[   27.221248] cloud-init[678]: ci-info: +-------+-------------+---------+-----------+-------+
[   27.222534] cloud-init[678]: ci-info: |   1   |  fe80::/64  |    ::   |   enp0s8  |   U   |
[   27.232589] cloud-init[678]: ci-info: |   2   |  fe80::/64  |    ::   |   enp0s3  |   U   |
[   27.235524] cloud-init[678]: ci-info: |   4   |    local    |    ::   |   enp0s3  |   U   |
[   27.237638] cloud-init[678]: ci-info: |   5   |    local    |    ::   |   enp0s8  |   U   |
[   27.248300] cloud-init[678]: ci-info: |   6   |   ff00::/8  |    ::   |   enp0s8  |   U   |
[   27.250779] cloud-init[678]: ci-info: |   7   |   ff00::/8  |    ::   |   enp0s3  |   U   |
[   27.253490] cloud-init[678]: ci-info: +-------+-------------+---------+-----------+-------+
[[0;32m  OK  [0m] Started Initial cloud-init job (metadata service crawler).
[[0;32m  OK  [0m] Reached target System Initialization.
[[0;32m  OK  [0m] Listening on ACPID Listen Socket.
         Starting LXD - unix socket.
[[0;32m  OK  [0m] Started ACPI Events Check.
         Starting Socket activation for snappy daemon.
[[0;32m  OK  [0m] Started Daily apt download activities.
[[0;32m  OK  [0m] Started Discard unused blocks once a week.
[[0;32m  OK  [0m] Listening on Open-iSCSI iscsid Socket.
[[0;32m  OK  [0m] Reached target Paths.
[[0;32m  OK  [0m] Started Message of the Day.
[[0;32m  OK  [0m] Started Ubuntu Advantage Timer for running repeated jobs.
[[0;32m  OK  [0m] Listening on UUID daemon activation socket.
[[0;32m  OK  [0m] Listening on cloud-init hotplug hook socket.
[[0;32m  OK  [0m] Started Daily apt upgrade and clean activities.
[[0;32m  OK  [0m] Started Daily Cleanup of Temporary Directories.
[[0;32m  OK  [0m] Reached target Timers.
[[0;32m  OK  [0m] Listening on D-Bus System Message Bus Socket.
[[0;32m  OK  [0m] Reached target Network is Online.
         Starting Availability of block devices...
[[0;32m  OK  [0m] Reached target Remote File Systems (Pre).
         Mounting /vagrant...
[[0;32m  OK  [0m] Reached target Cloud-config availability.
[[0;32m  OK  [0m] Listening on LXD - unix socket.
[[0;32m  OK  [0m] Listening on Socket activation for snappy daemon.
[[0;32m  OK  [0m] Started Availability of block devices.
[[0;32m  OK  [0m] Reached target Sockets.
[[0;32m  OK  [0m] Reached target Basic System.
         Starting System Logging Service...
[[0;32m  OK  [0m] Reached target Login Prompts (Pre).
         Starting Login Service...
         Starting Accounts Service...
[[0;32m  OK  [0m] Started Deferred execution scheduler.
[[0;32m  OK  [0m] Started D-Bus System Message Bus.
[[0;32m  OK  [0m] Started Login Service.
         Starting Dispatcher daemon for systemd-networkd...
[[0;32m  OK  [0m] Started Unattended Upgrades Shutdown.
[[0;32m  OK  [0m] Started irqbalance daemon.
[[0;32m  OK  [0m] Started FUSE filesystem for LXC.
         Starting LSB: Record successful boot for GRUB...
         Starting Snap Daemon...
         Starting OpenBSD Secure Shell server...
[[0;32m  OK  [0m] Started Regular background program processing daemon.
         Starting Virtualbox guest utils...
         Starting LXD - container startup/shutdown...
[[0;32m  OK  [0m] Started System Logging Service.
[[0;32m  OK  [0m] Mounted /vagrant.
         Starting Authorization Manager...
[[0;32m  OK  [0m] Reached target Remote File Systems.
         Starting LSB: automatic crash report generation...
         Starting Permit User Sessions...
[[0;32m  OK  [0m] Started Permit User Sessions.
         Starting Terminate Plymouth Boot Screen...
         Starting Hold until boot process finishes up...
[[0;32m  OK  [0m] Started Terminate Plymouth Boot Screen.
[[0;32m  OK  [0m] Started Hold until boot process finishes up.
         Starting Set console scheme...
[[0;32m  OK  [0m] Started Serial Getty on ttyS0.
[[0;32m  OK  [0m] Started Set console scheme.
[[0;32m  OK  [0m] Created slice system-getty.slice.
[[0;32m  OK  [0m] Started Getty on tty1.
[[0;32m  OK  [0m] Reached target Login Prompts.
[[0;32m  OK  [0m] Started LSB: Record successful boot for GRUB.
[[0;32m  OK  [0m] Started LSB: automatic crash report generation.
[[0;32m  OK  [0m] Started Dispatcher daemon for systemd-networkd.
[[0;32m  OK  [0m] Started Authorization Manager.
[[0;32m  OK  [0m] Started Accounts Service.
[[0;32m  OK  [0m] Started Virtualbox guest utils.
[[0;32m  OK  [0m] Started OpenBSD Secure Shell server.
[[0;32m  OK  [0m] Created slice User Slice of vagrant.
         Starting User Manager for UID 1000...
[[0;32m  OK  [0m] Started Session 1 of user vagrant.
[[0;32m  OK  [0m] Started LXD - container startup/shutdown.
[[0;32m  OK  [0m] Started User Manager for UID 1000.
[[0;32m  OK  [0m] Started Snap Daemon.
         Starting Wait until snapd is fully seeded...
         Starting Time & Date Service...
[[0;32m  OK  [0m] Started Time & Date Service.
[[0;32m  OK  [0m] Started Wait until snapd is fully seeded.
         Starting Apply the settings specified in cloud-config...
[   34.805833] cloud-init[1216]: Cloud-init v. 23.1.2-0ubuntu0~18.04.1 running 'modules:config' at Wed, 10 May 2023 03:42:57 +0000. Up 34.36 seconds.

Ubuntu 18.04.6 LTS ubuntu-bionic ttyS0

ubuntu-bionic login: [   36.526908] cloud-init[1270]: Cloud-init v. 23.1.2-0ubuntu0~18.04.1 running 'modules:final' at Wed, 10 May 2023 03:42:58 +0000. Up 35.62 seconds.
[   36.529861] cloud-init[1270]: Cloud-init v. 23.1.2-0ubuntu0~18.04.1 finished at Wed, 10 May 2023 03:42:59 +0000. Datasource DataSourceNoCloud [seed=/dev/sdb][dsmode=net].  Up 36.50 seconds
[[0;32m  OK  [0m] Stopped Unattended Upgrades Shutdown.
         Stopping User Manager for UID 1000...
         Stopping Availability of block devices...
[[0;32m  OK  [0m] Stopped target Cloud-init target.
[[0;32m  OK  [0m] Stopped target Timers.
[[0;32m  OK  [0m] Stopped Discard unused blocks once a week.
[[0;32m  OK  [0m] Stopped Ubuntu Advantage Timer for running repeated jobs.
[[0;32m  OK  [0m] Stopped Message of the Day.
         Stopping Session 7 of user vagrant.
[[0;32m  OK  [0m] Stopped Daily apt upgrade and clean activities.
[[0;32m  OK  [0m] Stopped Daily apt download activities.
[[0;32m  OK  [0m] Stopped Execute cloud user/final scripts.
[[0;32m  OK  [0m] Stopped Apply the settings specified in cloud-config.
[[0;32m  OK  [0m] Stopped Daily Cleanup of Temporary Directories.
[[0;32m  OK  [0m] Stopped target Cloud-config availability.
[[0;32m  OK  [0m] Stopped target Graphical Interface.
         Stopping Accounts Service...
[[0;32m  OK  [0m] Stopped target Multi-User System.
         Stopping OpenBSD Secure Shell server...
         Stopping Deferred execution scheduler...
         Stopping LXD - container startup/shutdown...
         Stopping LSB: automatic crash report generation...
         Stopping Regular background program processing daemon...
         Stopping D-Bus System Message Bus...
[[0;32m  OK  [0m] Stopped target Login Prompts.
         Stopping Serial Getty on ttyS0...
         Stopping Getty on tty1...
         Stopping Dispatcher daemon for systemd-networkd...
         Stopping irqbalance daemon...
         Stopping Virtualbox guest utils...
         Stopping LSB: Record successful boot for GRUB...
         Stopping FUSE filesystem for LXC...
         Stopping System Logging Service...
[[0;32m  OK  [0m] Stopped Wait until snapd is fully seeded.
[[0;32m  OK  [0m] Stopped target Host and Network Name Lookups.
         Stopping Authorization Manager...
[[0;32m  OK  [0m] Closed Load/Save RF Kill Switch Status /dev/rfkill Watch.
[[0;32m  OK  [0m] Stopped target System Time Synchronized.
[[0;32m  OK  [0m] Unmounted /var/lib/lxcfs.
[[0;32m  OK  [0m] Stopped System Logging Service.
[[0;32m  OK  [0m] Stopped Accounts Service.
[[0;32m  OK  [0m] Stopped Deferred execution scheduler.
[[0;32m  OK  [0m] Stopped Dispatcher daemon for systemd-networkd.
[[0;32m  OK  [0m] Stopped irqbalance daemon.
[[0;32m  OK  [0m] Stopped Regular background program processing daemon.
[[0;32m  OK  [0m] Stopped Serial Getty on ttyS0.
[[0;32m  OK  [0m] Stopped Getty on tty1.
[[0;32m  OK  [0m] Stopped Authorization Manager.
[[0;32m  OK  [0m] Stopped OpenBSD Secure Shell server.
[[0;32m  OK  [0m] Stopped User Manager for UID 1000.
[[0;32m  OK  [0m] Stopped D-Bus System Message Bus.
[[0;32m  OK  [0m] Stopped Session 7 of user vagrant.
[[0;32m  OK  [0m] Removed slice User Slice of vagrant.
         Stopping Login Service...
[[0;32m  OK  [0m] Removed slice system-getty.slice.
         Stopping Permit User Sessions...
[[0;32m  OK  [0m] Removed slice system-serial\x2dgetty.slice.
[[0;32m  OK  [0m] Stopped target Login Prompts (Pre).
[[0;32m  OK  [0m] Stopped LSB: Record successful boot for GRUB.
[[0;32m  OK  [0m] Stopped Permit User Sessions.
[[0;32m  OK  [0m] Stopped Login Service.
[[0;32m  OK  [0m] Stopped target User and Group Name Lookups.
[[0;32m  OK  [0m] Stopped LXD - container startup/shutdown.
[[0;32m  OK  [0m] Stopped FUSE filesystem for LXC.
[[0;32m  OK  [0m] Stopped LSB: automatic crash report generation.
[[0;32m  OK  [0m] Stopped target Remote File Systems.
         Unmounting /vagrant...
[[0;32m  OK  [0m] Unmounted /vagrant.
[[0;32m  OK  [0m] Stopped target Remote File Systems (Pre).
[[0;32m  OK  [0m] Stopped target Network is Online.
[[0;32m  OK  [0m] Stopped target Network.
         Stopping Network Name Resolution...
[[0;32m  OK  [0m] Stopped Virtualbox guest utils.
[[0;32m  OK  [0m] Stopped target Basic System.
[[0;32m  OK  [0m] Stopped target Paths.
[[0;32m  OK  [0m] Stopped ACPI Events Check.
[[0;32m  OK  [0m] Stopped target Slices.
[[0;32m  OK  [0m] Removed slice User and Session Slice.
[[0;32m  OK  [0m] Stopped target Sockets.
[[0;32m  OK  [0m] Closed LXD - unix socket.
[[0;32m  OK  [0m] Closed cloud-init hotplug hook socket.
[[0;32m  OK  [0m] Closed UUID daemon activation socket.
[[0;32m  OK  [0m] Closed D-Bus System Message Bus Socket.
[[0;32m  OK  [0m] Closed Syslog Socket.
[[0;32m  OK  [0m] Closed Open-iSCSI iscsid Socket.
[[0;32m  OK  [0m] Closed Socket activation for snappy daemon.
[[0;32m  OK  [0m] Closed ACPID Listen Socket.
[[0;32m  OK  [0m] Stopped target System Initialization.
[[0;32m  OK  [0m] Stopped target Local Encrypted Volumes.
[[0;32m  OK  [0m] Stopped Dispatch Password Requests to Console Directory Watch.
[[0;32m  OK  [0m] Stopped Forward Password Requests to Wall Directory Watch.
[[0;32m  OK  [0m] Stopped Initial cloud-init job (metadata service crawler).
         Stopping Load/Save Random Seed...
         Stopping Update UTMP about System Boot/Shutdown...
[[0;32m  OK  [0m] Stopped Network Name Resolution.
[[0;32m  OK  [0m] Stopped Availability of block devices.
         Stopping Network Service...
[[0;32m  OK  [0m] Stopped Load/Save Random Seed.
[[0;32m  OK  [0m] Stopped Update UTMP about System Boot/Shutdown.
[[0;32m  OK  [0m] Stopped Create Volatile Files and Directories.
[[0;32m  OK  [0m] Stopped target Local File Systems.
[[0;32m  OK  [0m] Stopped target Mounted snaps.
[[0;32m  OK  [0m] Stopped target Mounting snaps.
         Unmounting /run/user/1000...
[[0;32m  OK  [0m] Stopped Network Service.
[[0;32m  OK  [0m] Unmounted /run/user/1000.
[[0;32m  OK  [0m] Reached target Unmount All Filesystems.
[[0;32m  OK  [0m] Stopped target Local File Systems (Pre).
[[0;32m  OK  [0m] Stopped Create Static Device Nodes in /dev.
         Stopping Monitoring of LVM2 mirrors…ng dmeventd or progress polling...
[[0;32m  OK  [0m] Stopped target Swap.
[[0;32m  OK  [0m] Stopped Apply Kernel Variables.
[[0;32m  OK  [0m] Stopped Load Kernel Modules.
[[0;32m  OK  [0m] Stopped target Network (Pre).
[[0;32m  OK  [0m] Stopped Initial cloud-init job (pre-networking).
[[0;32m  OK  [0m] Stopped Remount Root and Kernel File Systems.
[[0;32m  OK  [0m] Reached target Shutdown.
[[0;32m  OK  [0m] Reached target Final Step.
         Starting Power-Off...
[  928.668101] reboot: Power down
